<?xml version="1.0" encoding="UTF-8"?>
<!-- Generated by org.testng.reporters.JUnitReportReporter -->
<testsuite hostname="SHASHIKANTs-MacBook-Air.local" failures="0" tests="1" name="apiTest.RestApiBasicFunction" time="0.689" errors="0" timestamp="2024-06-22T21:04:29 IST" skipped="0">
  <testcase classname="apiTest.RestApiBasicFunction" name="checkBasicDetails" time="0.689"/>
</testsuite> <!-- apiTest.RestApiBasicFunction -->
