<?xml version="1.0" encoding="UTF-8"?>
<!-- Generated by org.testng.reporters.JUnitReportReporter -->
<testsuite hostname="SHASHIKANTs-MacBook-Air.local" failures="0" tests="1" name="pojo_Session15CodeStudio.SerilizationTest" time="1.934" errors="0" timestamp="2024-06-10T18:15:01 IST" skipped="0">
  <testcase classname="pojo_Session15CodeStudio.SerilizationTest" name="createJavaClassFromJson" time="1.934"/>
</testsuite> <!-- pojo_Session15CodeStudio.SerilizationTest -->
