<?xml version="1.0" encoding="UTF-8"?>
<!-- Generated by org.testng.reporters.JUnitReportReporter -->
<testsuite hostname="SHASHIKANTs-MacBook-Air.local" failures="0" tests="2" name="com.java.Test.NewTest" time="0.003" errors="0" timestamp="2024-06-12T11:52:04 IST" skipped="0">
  <testcase classname="com.java.Test.NewTest" name="first" time="0.002"/>
  <testcase classname="com.java.Test.NewTest" name="second" time="0.001"/>
</testsuite> <!-- com.java.Test.NewTest -->
