<?xml version="1.0" encoding="UTF-8"?>
<!-- Generated by org.testng.reporters.JUnitReportReporter -->
<testsuite hostname="SHASHIKANTs-MacBook-Air.local" failures="0" tests="1" name="com.java.Test.Main" time="2.357" errors="0" timestamp="2024-06-12T11:52:04 IST" skipped="0">
  <testcase classname="com.java.Test.Main" name="verifyTitle" time="2.357"/>
</testsuite> <!-- com.java.Test.Main -->
