<?xml version="1.0" encoding="UTF-8"?>
<!-- Generated by org.testng.reporters.JUnitReportReporter -->
<testsuite hostname="SHASHIKANTs-MacBook-Air.local" failures="0" tests="1" name="restAPI.Ganesh" time="0.004" errors="0" timestamp="2024-06-07T13:35:46 IST" skipped="0">
  <testcase classname="restAPI.Ganesh" name="testMethod" time="0.004"/>
</testsuite> <!-- restAPI.Ganesh -->
