<?xml version="1.0" encoding="UTF-8"?>
<!-- Generated by org.testng.reporters.JUnitReportReporter -->
<testsuite hostname="SHASHIKANTs-MacBook-Air.local" failures="0" tests="1" name="way2Automation.com.practice.IframeDemo_Selenium4" time="80.680" errors="0" timestamp="2024-05-24T14:27:56 IST" skipped="0">
  <testcase classname="way2Automation.com.practice.IframeDemo_Selenium4" name="findLinkCountAndAllurl" time="80.680"/>
</testsuite> <!-- way2Automation.com.practice.IframeDemo_Selenium4 -->
