<?xml version="1.0" encoding="UTF-8"?>
<!-- Generated by org.testng.reporters.JUnitReportReporter -->
<testsuite hostname="SHASHIKANTs-MacBook-Air.local" failures="0" tests="5" name="com.practice.com.demo_proj2.testNGAnnotation" time="0.007" errors="0" timestamp="2024-06-17T18:10:57 IST" skipped="0">
  <testcase classname="com.practice.com.demo_proj2.testNGAnnotation" name="orderTest" time="0.003"/>
  <system-out/>
  <testcase classname="com.practice.com.demo_proj2.testNGAnnotation" name="searchTest" time="0.001"/>
  <system-out/>
  <testcase classname="com.practice.com.demo_proj2.testNGAnnotation" name="addtoCartTest" time="0.001"/>
  <system-out/>
  <testcase classname="com.practice.com.demo_proj2.testNGAnnotation" name="checkOutTest" time="0.001"/>
  <system-out/>
  <testcase classname="com.practice.com.demo_proj2.testNGAnnotation" name="paymentTest" time="0.001"/>
  <system-out/>
</testsuite> <!-- com.practice.com.demo_proj2.testNGAnnotation -->
