<?xml version="1.0" encoding="UTF-8"?>
<!-- Generated by org.testng.reporters.JUnitReportReporter -->
<testsuite hostname="SHASHIKANTs-MacBook-Air.local" failures="0" tests="1" name="Sdet_Session_39.ActionClick" time="3.800" errors="0" timestamp="2024-07-01T12:51:51 IST" skipped="0">
  <testcase classname="Sdet_Session_39.ActionClick" name="clickOnIcon" time="3.800"/>
  <system-out/>
</testsuite> <!-- Sdet_Session_39.ActionClick -->
