<?xml version="1.0" encoding="UTF-8"?>
<!-- Generated by org.testng.reporters.JUnitReportReporter -->
<testsuite hostname="SHASHIKANTs-MacBook-Air.local" failures="0" tests="1" name="com.practice.com.demo_proj2.Properties" time="11.961" errors="0" timestamp="2024-06-11T21:20:25 IST" skipped="0">
  <testcase classname="com.practice.com.demo_proj2.Properties" name="testPsuedo" time="11.961"/>
</testsuite> <!-- com.practice.com.demo_proj2.Properties -->
