<?xml version="1.0" encoding="UTF-8"?>
<!-- Generated by org.testng.reporters.JUnitReportReporter -->
<testsuite hostname="SHASHIKANTs-MacBook-Air.local" failures="0" tests="1" name="com.java.Test.Main" time="12.607" errors="0" timestamp="2024-06-30T16:32:29 IST" skipped="0">
  <testcase classname="com.java.Test.Main" name="verifyTitle" time="12.607"/>
  <system-out/>
</testsuite> <!-- com.java.Test.Main -->
