<?xml version="1.0" encoding="UTF-8"?>
<!-- Generated by org.testng.reporters.JUnitReportReporter -->
<testsuite hostname="SHASHIKANTs-MacBook-Air.local" failures="0" tests="1" name="way2Automation.com.practice.SSLCertificate_Handle" time="7.051" errors="0" timestamp="2024-06-11T16:48:55 IST" skipped="0">
  <testcase classname="way2Automation.com.practice.SSLCertificate_Handle" name="handleSSLCertidication" time="7.051"/>
</testsuite> <!-- way2Automation.com.practice.SSLCertificate_Handle -->
