<?xml version="1.0" encoding="UTF-8"?>
<!-- Generated by org.testng.reporters.JUnitReportReporter -->
<testsuite hostname="SHASHIKANTs-MacBook-Air.local" failures="0" tests="1" name="Sdet_Session_39.ActionClick" time="2.647" errors="0" timestamp="2024-06-17T15:03:58 IST" skipped="0">
  <testcase classname="Sdet_Session_39.ActionClick" name="clickOnIcon" time="2.647"/>
  <system-out/>
</testsuite> <!-- Sdet_Session_39.ActionClick -->
