<?xml version="1.0" encoding="UTF-8"?>
<!-- Generated by org.testng.reporters.JUnitReportReporter -->
<testsuite hostname="SHASHIKANTs-MacBook-Air.local" failures="0" tests="3" name="com.java.Test.RunTCMultipleTimes" time="0.005" errors="0" timestamp="2024-06-18T22:19:59 IST" skipped="0">
  <testcase classname="com.java.Test.RunTCMultipleTimes" name="test" time="0.001"/>
  <system-out/>
  <testcase classname="com.java.Test.RunTCMultipleTimes" name="test" time="0.003"/>
  <system-out/>
  <testcase classname="com.java.Test.RunTCMultipleTimes" name="test" time="0.001"/>
  <system-out/>
</testsuite> <!-- com.java.Test.RunTCMultipleTimes -->
