<?xml version="1.0" encoding="UTF-8"?>
<!-- Generated by org.testng.reporters.JUnitReportReporter -->
<testsuite hostname="SHASHIKANTs-MacBook-Air.local" failures="0" tests="1" name="way2Automation.com.practice.StaleElementExp" time="88.651" errors="0" timestamp="2024-05-24T14:46:22 IST" skipped="0">
  <testcase classname="way2Automation.com.practice.StaleElementExp" name="checkStaleElementException" time="88.651"/>
</testsuite> <!-- way2Automation.com.practice.StaleElementExp -->
