<?xml version="1.0" encoding="UTF-8"?>
<!-- Generated by org.testng.reporters.JUnitReportReporter -->
<testsuite hostname="SHASHIKANTs-MacBook-Air.local" failures="0" tests="1" name="com.practice.com.demo_proj2.Properties" time="4.620" errors="0" timestamp="2024-04-30T13:04:27 IST" skipped="0">
  <testcase classname="com.practice.com.demo_proj2.Properties" name="testPsuedo" time="4.620"/>
</testsuite> <!-- com.practice.com.demo_proj2.Properties -->
