<?xml version="1.0" encoding="UTF-8"?>
<!-- Generated by org.testng.reporters.JUnitReportReporter -->
<testsuite hostname="SHASHIKANTs-MacBook-Air.local" failures="0" tests="1" name="com.practice.com.demo_proj2.ExpectedException_testNG" time="0.003" errors="0" timestamp="2024-06-17T18:28:18 IST" skipped="0">
  <testcase classname="com.practice.com.demo_proj2.ExpectedException_testNG" name="addToCart" time="0.003"/>
  <system-out/>
</testsuite> <!-- com.practice.com.demo_proj2.ExpectedException_testNG -->
