<?xml version="1.0" encoding="UTF-8"?>
<!-- Generated by org.testng.reporters.JUnitReportReporter -->
<testsuite hostname="SHASHIKANTs-MacBook-Air.local" failures="0" tests="1" name="com.java.Test.Main" time="1.586" errors="0" timestamp="2024-05-22T12:37:39 IST" skipped="0">
  <testcase classname="com.java.Test.Main" name="verifyTitle" time="1.586"/>
</testsuite> <!-- com.java.Test.Main -->
