<?xml version="1.0" encoding="UTF-8"?>
<!-- Generated by org.testng.reporters.JUnitReportReporter -->
<testsuite hostname="SHASHIKANTs-MacBook-Air.local" failures="0" tests="1" name="way2Automation.com.practice.HeadlessChrome" time="2.599" errors="0" timestamp="2024-06-11T13:53:35 IST" skipped="0">
  <testcase classname="way2Automation.com.practice.HeadlessChrome" name="getTitleInHeadlessMode" time="2.599"/>
</testsuite> <!-- way2Automation.com.practice.HeadlessChrome -->
