<?xml version="1.0" encoding="UTF-8"?>
<!-- Generated by org.testng.reporters.JUnitReportReporter -->
<testsuite hostname="SHASHIKANTs-MacBook-Air.local" failures="0" tests="1" name="way2Automation.com.practice.FramesDemo1" time="2.115" errors="0" timestamp="2024-06-11T13:52:49 IST" skipped="0">
  <testcase classname="way2Automation.com.practice.FramesDemo1" name="switched2Frame" time="2.115"/>
</testsuite> <!-- way2Automation.com.practice.FramesDemo1 -->
